app/build/intermediates/manifest_merge_blame_file/debug/processDebugMainManifest/manifest-merger-blame-debug-report.txt
1<?xml version="1.0" encoding="utf-8"?>
2<manifest xmlns:android="http://schemas.android.com/apk/res/android"
3    package="com.ogabassey.contactscleaner.debug"
4    android:versionCode="1"
5    android:versionName="1.0.0" >
6
7    <uses-sdk
8        android:minSdkVersion="26"
9        android:targetSdkVersion="36" />
10
11    <uses-permission android:name="android.permission.READ_CONTACTS" />
11-->src/main/AndroidManifest.xml:5:5-72
11-->src/main/AndroidManifest.xml:5:22-69
12    <uses-permission android:name="android.permission.WRITE_CONTACTS" />
12-->src/main/AndroidManifest.xml:6:5-73
12-->src/main/AndroidManifest.xml:6:22-70
13    <uses-permission android:name="android.permission.INTERNET" />
13-->src/main/AndroidManifest.xml:7:5-67
13-->src/main/AndroidManifest.xml:7:22-64
14    <uses-permission android:name="android.permission.GET_ACCOUNTS" />
14-->src/main/AndroidManifest.xml:8:5-71
14-->src/main/AndroidManifest.xml:8:22-68
15    <uses-permission android:name="com.android.vending.BILLING" />
15-->[com.android.billingclient:billing-ktx:7.1.1] AndroidManifest.xml:9:5-67
15-->[com.android.billingclient:billing-ktx:7.1.1] AndroidManifest.xml:9:22-64
16
17    <queries>
17-->[com.android.billingclient:billing:8.0.0] AndroidManifest.xml:12:5-19:15
18        <intent>
18-->[com.android.billingclient:billing:8.0.0] AndroidManifest.xml:13:9-15:18
19            <action android:name="com.android.vending.billing.InAppBillingService.BIND" />
19-->[com.android.billingclient:billing:8.0.0] AndroidManifest.xml:14:13-91
19-->[com.android.billingclient:billing:8.0.0] AndroidManifest.xml:14:21-88
20        </intent>
21        <intent>
21-->[com.android.billingclient:billing:8.0.0] AndroidManifest.xml:16:9-18:18
22            <action android:name="com.google.android.apps.play.billingtestcompanion.BillingOverrideService.BIND" />
22-->[com.android.billingclient:billing:8.0.0] AndroidManifest.xml:17:13-116
22-->[com.android.billingclient:billing:8.0.0] AndroidManifest.xml:17:21-113
23        </intent>
24
25        <package android:name="com.google.android.aicore" />
25-->[com.google.mlkit:genai-prompt:1.0.0-alpha1] AndroidManifest.xml:12:9-61
25-->[com.google.mlkit:genai-prompt:1.0.0-alpha1] AndroidManifest.xml:12:18-58
26    </queries>
27
28    <uses-permission android:name="com.google.android.apps.aicore.service.BIND_SERVICE" />
28-->[com.google.mlkit:genai-prompt:1.0.0-alpha1] AndroidManifest.xml:9:5-91
28-->[com.google.mlkit:genai-prompt:1.0.0-alpha1] AndroidManifest.xml:9:22-88
29    <uses-permission android:name="android.permission.WAKE_LOCK" />
29-->[androidx.work:work-runtime:2.10.0] AndroidManifest.xml:23:5-68
29-->[androidx.work:work-runtime:2.10.0] AndroidManifest.xml:23:22-65
30    <uses-permission android:name="android.permission.ACCESS_NETWORK_STATE" />
30-->[androidx.work:work-runtime:2.10.0] AndroidManifest.xml:24:5-79
30-->[androidx.work:work-runtime:2.10.0] AndroidManifest.xml:24:22-76
31    <uses-permission android:name="android.permission.RECEIVE_BOOT_COMPLETED" />
31-->[androidx.work:work-runtime:2.10.0] AndroidManifest.xml:25:5-81
31-->[androidx.work:work-runtime:2.10.0] AndroidManifest.xml:25:22-78
32    <uses-permission android:name="android.permission.FOREGROUND_SERVICE" />
32-->[androidx.work:work-runtime:2.10.0] AndroidManifest.xml:26:5-77
32-->[androidx.work:work-runtime:2.10.0] AndroidManifest.xml:26:22-74
33
34    <permission
34-->[androidx.core:core:1.16.0] AndroidManifest.xml:22:5-24:47
35        android:name="com.ogabassey.contactscleaner.debug.DYNAMIC_RECEIVER_NOT_EXPORTED_PERMISSION"
35-->[androidx.core:core:1.16.0] AndroidManifest.xml:23:9-81
36        android:protectionLevel="signature" />
36-->[androidx.core:core:1.16.0] AndroidManifest.xml:24:9-44
37
38    <uses-permission android:name="com.ogabassey.contactscleaner.debug.DYNAMIC_RECEIVER_NOT_EXPORTED_PERMISSION" />
38-->[androidx.core:core:1.16.0] AndroidManifest.xml:26:5-97
38-->[androidx.core:core:1.16.0] AndroidManifest.xml:26:22-94
39
40    <application
40-->src/main/AndroidManifest.xml:10:5-43:19
41        android:name="com.ogabassey.contactscleaner.CleanContactsApp"
41-->src/main/AndroidManifest.xml:11:9-41
42        android:allowBackup="false"
42-->src/main/AndroidManifest.xml:12:9-36
43        android:appComponentFactory="androidx.core.app.CoreComponentFactory"
43-->[androidx.core:core:1.16.0] AndroidManifest.xml:28:18-86
44        android:dataExtractionRules="@xml/data_extraction_rules"
44-->src/main/AndroidManifest.xml:14:9-65
45        android:debuggable="true"
46        android:extractNativeLibs="false"
47        android:fullBackupContent="@xml/backup_rules"
47-->src/main/AndroidManifest.xml:15:9-54
48        android:icon="@mipmap/ic_launcher"
48-->src/main/AndroidManifest.xml:16:9-43
49        android:label="@string/app_name"
49-->src/main/AndroidManifest.xml:17:9-41
50        android:largeHeap="true"
50-->src/main/AndroidManifest.xml:13:9-33
51        android:roundIcon="@mipmap/ic_launcher_round"
51-->src/main/AndroidManifest.xml:18:9-54
52        android:supportsRtl="true"
52-->src/main/AndroidManifest.xml:19:9-35
53        android:theme="@style/Theme.CleanContactsAI" >
53-->src/main/AndroidManifest.xml:20:9-53
54        <provider
55            android:name="androidx.startup.InitializationProvider"
55-->src/main/AndroidManifest.xml:23:13-67
56            android:authorities="com.ogabassey.contactscleaner.debug.androidx-startup"
56-->src/main/AndroidManifest.xml:24:13-68
57            android:exported="false" >
57-->src/main/AndroidManifest.xml:25:13-37
58            <meta-data
58-->[androidx.emoji2:emoji2:1.4.0] AndroidManifest.xml:29:13-31:52
59                android:name="androidx.emoji2.text.EmojiCompatInitializer"
59-->[androidx.emoji2:emoji2:1.4.0] AndroidManifest.xml:30:17-75
60                android:value="androidx.startup" />
60-->[androidx.emoji2:emoji2:1.4.0] AndroidManifest.xml:31:17-49
61            <meta-data
61-->[androidx.lifecycle:lifecycle-process:2.10.0] AndroidManifest.xml:29:13-31:52
62                android:name="androidx.lifecycle.ProcessLifecycleInitializer"
62-->[androidx.lifecycle:lifecycle-process:2.10.0] AndroidManifest.xml:30:17-78
63                android:value="androidx.startup" />
63-->[androidx.lifecycle:lifecycle-process:2.10.0] AndroidManifest.xml:31:17-49
64            <meta-data
64-->[androidx.profileinstaller:profileinstaller:1.4.0] AndroidManifest.xml:29:13-31:52
65                android:name="androidx.profileinstaller.ProfileInstallerInitializer"
65-->[androidx.profileinstaller:profileinstaller:1.4.0] AndroidManifest.xml:30:17-85
66                android:value="androidx.startup" />
66-->[androidx.profileinstaller:profileinstaller:1.4.0] AndroidManifest.xml:31:17-49
67        </provider>
68
69        <activity
69-->src/main/AndroidManifest.xml:33:9-42:20
70            android:name="com.ogabassey.contactscleaner.MainActivity"
70-->src/main/AndroidManifest.xml:34:13-41
71            android:exported="true"
71-->src/main/AndroidManifest.xml:35:13-36
72            android:theme="@style/Theme.CleanContactsAI" >
72-->src/main/AndroidManifest.xml:36:13-57
73            <intent-filter>
73-->src/main/AndroidManifest.xml:37:13-41:29
74                <action android:name="android.intent.action.MAIN" />
74-->src/main/AndroidManifest.xml:38:17-69
74-->src/main/AndroidManifest.xml:38:25-66
75
76                <category android:name="android.intent.category.LAUNCHER" />
76-->src/main/AndroidManifest.xml:40:17-77
76-->src/main/AndroidManifest.xml:40:27-74
77            </intent-filter>
78        </activity>
79        <activity
79-->[com.revenuecat.purchases:purchases:9.19.2] AndroidManifest.xml:10:9-13:75
80            android:name="com.revenuecat.purchases.amazon.purchasing.ProxyAmazonBillingActivity"
80-->[com.revenuecat.purchases:purchases:9.19.2] AndroidManifest.xml:11:13-97
81            android:configChanges="keyboard|keyboardHidden|screenLayout|screenSize|orientation"
81-->[com.revenuecat.purchases:purchases:9.19.2] AndroidManifest.xml:12:13-96
82            android:theme="@android:style/Theme.Translucent.NoTitleBar" />
82-->[com.revenuecat.purchases:purchases:9.19.2] AndroidManifest.xml:13:13-72
83        <activity
83-->[com.revenuecat.purchases:purchases:9.19.2] AndroidManifest.xml:14:9-18:74
84            android:name="com.revenuecat.purchases.SimulatedStoreErrorDialogActivity"
84-->[com.revenuecat.purchases:purchases:9.19.2] AndroidManifest.xml:15:13-86
85            android:configChanges="orientation|screenSize"
85-->[com.revenuecat.purchases:purchases:9.19.2] AndroidManifest.xml:16:13-59
86            android:excludeFromRecents="true"
86-->[com.revenuecat.purchases:purchases:9.19.2] AndroidManifest.xml:17:13-46
87            android:theme="@android:style/Theme.Material.Dialog.Alert" />
87-->[com.revenuecat.purchases:purchases:9.19.2] AndroidManifest.xml:18:13-71
88
89        <meta-data
89-->[com.android.billingclient:billing:8.0.0] AndroidManifest.xml:22:9-24:37
90            android:name="com.google.android.play.billingclient.version"
90-->[com.android.billingclient:billing:8.0.0] AndroidManifest.xml:23:13-73
91            android:value="8.0.0" />
91-->[com.android.billingclient:billing:8.0.0] AndroidManifest.xml:24:13-34
92
93        <activity
93-->[com.android.billingclient:billing:8.0.0] AndroidManifest.xml:26:9-30:75
94            android:name="com.android.billingclient.api.ProxyBillingActivity"
94-->[com.android.billingclient:billing:8.0.0] AndroidManifest.xml:27:13-78
95            android:configChanges="keyboard|keyboardHidden|screenLayout|screenSize|orientation"
95-->[com.android.billingclient:billing:8.0.0] AndroidManifest.xml:28:13-96
96            android:exported="false"
96-->[com.android.billingclient:billing:8.0.0] AndroidManifest.xml:29:13-37
97            android:theme="@android:style/Theme.Translucent.NoTitleBar" />
97-->[com.android.billingclient:billing:8.0.0] AndroidManifest.xml:30:13-72
98        <activity
98-->[com.android.billingclient:billing:8.0.0] AndroidManifest.xml:31:9-35:75
99            android:name="com.android.billingclient.api.ProxyBillingActivityV2"
99-->[com.android.billingclient:billing:8.0.0] AndroidManifest.xml:32:13-80
100            android:configChanges="keyboard|keyboardHidden|screenLayout|screenSize|orientation"
100-->[com.android.billingclient:billing:8.0.0] AndroidManifest.xml:33:13-96
101            android:exported="false"
101-->[com.android.billingclient:billing:8.0.0] AndroidManifest.xml:34:13-37
102            android:theme="@android:style/Theme.Translucent.NoTitleBar" />
102-->[com.android.billingclient:billing:8.0.0] AndroidManifest.xml:35:13-72
103        <activity
103-->[com.google.android.gms:play-services-auth:21.3.0] AndroidManifest.xml:23:9-27:75
104            android:name="com.google.android.gms.auth.api.signin.internal.SignInHubActivity"
104-->[com.google.android.gms:play-services-auth:21.3.0] AndroidManifest.xml:24:13-93
105            android:excludeFromRecents="true"
105-->[com.google.android.gms:play-services-auth:21.3.0] AndroidManifest.xml:25:13-46
106            android:exported="false"
106-->[com.google.android.gms:play-services-auth:21.3.0] AndroidManifest.xml:26:13-37
107            android:theme="@android:style/Theme.Translucent.NoTitleBar" />
107-->[com.google.android.gms:play-services-auth:21.3.0] AndroidManifest.xml:27:13-72
108        <!--
109            Service handling Google Sign-In user revocation. For apps that do not integrate with
110            Google Sign-In, this service will never be started.
111        -->
112        <service
112-->[com.google.android.gms:play-services-auth:21.3.0] AndroidManifest.xml:33:9-37:51
113            android:name="com.google.android.gms.auth.api.signin.RevocationBoundService"
113-->[com.google.android.gms:play-services-auth:21.3.0] AndroidManifest.xml:34:13-89
114            android:exported="true"
114-->[com.google.android.gms:play-services-auth:21.3.0] AndroidManifest.xml:35:13-36
115            android:permission="com.google.android.gms.auth.api.signin.permission.REVOCATION_NOTIFICATION"
115-->[com.google.android.gms:play-services-auth:21.3.0] AndroidManifest.xml:36:13-107
116            android:visibleToInstantApps="true" />
116-->[com.google.android.gms:play-services-auth:21.3.0] AndroidManifest.xml:37:13-48
117
118        <provider
118-->[com.google.mlkit:common:18.11.0] AndroidManifest.xml:9:9-13:38
119            android:name="com.google.mlkit.common.internal.MlKitInitProvider"
119-->[com.google.mlkit:common:18.11.0] AndroidManifest.xml:10:13-78
120            android:authorities="com.ogabassey.contactscleaner.debug.mlkitinitprovider"
120-->[com.google.mlkit:common:18.11.0] AndroidManifest.xml:11:13-69
121            android:exported="false"
121-->[com.google.mlkit:common:18.11.0] AndroidManifest.xml:12:13-37
122            android:initOrder="99" />
122-->[com.google.mlkit:common:18.11.0] AndroidManifest.xml:13:13-35
123
124        <service
124-->[com.google.mlkit:common:18.11.0] AndroidManifest.xml:15:9-23:19
125            android:name="com.google.mlkit.common.internal.MlKitComponentDiscoveryService"
125-->[com.google.mlkit:common:18.11.0] AndroidManifest.xml:16:13-91
126            android:directBootAware="true"
126-->[com.google.mlkit:common:18.11.0] AndroidManifest.xml:17:13-43
127            android:exported="false" >
127-->[com.google.mlkit:common:18.11.0] AndroidManifest.xml:18:13-37
128            <meta-data
128-->[com.google.mlkit:common:18.11.0] AndroidManifest.xml:20:13-22:85
129                android:name="com.google.firebase.components:com.google.mlkit.common.internal.CommonComponentRegistrar"
129-->[com.google.mlkit:common:18.11.0] AndroidManifest.xml:21:17-120
130                android:value="com.google.firebase.components.ComponentRegistrar" />
130-->[com.google.mlkit:common:18.11.0] AndroidManifest.xml:22:17-82
131        </service>
132
133        <activity
133-->[com.google.android.gms:play-services-base:18.5.0] AndroidManifest.xml:5:9-173
134            android:name="com.google.android.gms.common.api.GoogleApiActivity"
134-->[com.google.android.gms:play-services-base:18.5.0] AndroidManifest.xml:5:19-85
135            android:exported="false"
135-->[com.google.android.gms:play-services-base:18.5.0] AndroidManifest.xml:5:146-170
136            android:theme="@android:style/Theme.Translucent.NoTitleBar" />
136-->[com.google.android.gms:play-services-base:18.5.0] AndroidManifest.xml:5:86-145
137
138        <service
138-->[androidx.room:room-runtime:2.6.1] AndroidManifest.xml:24:9-28:63
139            android:name="androidx.room.MultiInstanceInvalidationService"
139-->[androidx.room:room-runtime:2.6.1] AndroidManifest.xml:25:13-74
140            android:directBootAware="true"
140-->[androidx.room:room-runtime:2.6.1] AndroidManifest.xml:26:13-43
141            android:exported="false" />
141-->[androidx.room:room-runtime:2.6.1] AndroidManifest.xml:27:13-37
142        <service
142-->[androidx.work:work-runtime:2.10.0] AndroidManifest.xml:39:9-45:35
143            android:name="androidx.work.impl.background.systemalarm.SystemAlarmService"
143-->[androidx.work:work-runtime:2.10.0] AndroidManifest.xml:40:13-88
144            android:directBootAware="false"
144-->[androidx.work:work-runtime:2.10.0] AndroidManifest.xml:41:13-44
145            android:enabled="@bool/enable_system_alarm_service_default"
145-->[androidx.work:work-runtime:2.10.0] AndroidManifest.xml:42:13-72
146            android:exported="false" />
146-->[androidx.work:work-runtime:2.10.0] AndroidManifest.xml:43:13-37
147        <service
147-->[androidx.work:work-runtime:2.10.0] AndroidManifest.xml:46:9-52:35
148            android:name="androidx.work.impl.background.systemjob.SystemJobService"
148-->[androidx.work:work-runtime:2.10.0] AndroidManifest.xml:47:13-84
149            android:directBootAware="false"
149-->[androidx.work:work-runtime:2.10.0] AndroidManifest.xml:48:13-44
150            android:enabled="@bool/enable_system_job_service_default"
150-->[androidx.work:work-runtime:2.10.0] AndroidManifest.xml:49:13-70
151            android:exported="true"
151-->[androidx.work:work-runtime:2.10.0] AndroidManifest.xml:50:13-36
152            android:permission="android.permission.BIND_JOB_SERVICE" />
152-->[androidx.work:work-runtime:2.10.0] AndroidManifest.xml:51:13-69
153        <service
153-->[androidx.work:work-runtime:2.10.0] AndroidManifest.xml:53:9-59:35
154            android:name="androidx.work.impl.foreground.SystemForegroundService"
154-->[androidx.work:work-runtime:2.10.0] AndroidManifest.xml:54:13-81
155            android:directBootAware="false"
155-->[androidx.work:work-runtime:2.10.0] AndroidManifest.xml:55:13-44
156            android:enabled="@bool/enable_system_foreground_service_default"
156-->[androidx.work:work-runtime:2.10.0] AndroidManifest.xml:56:13-77
157            android:exported="false" />
157-->[androidx.work:work-runtime:2.10.0] AndroidManifest.xml:57:13-37
158
159        <receiver
159-->[androidx.work:work-runtime:2.10.0] AndroidManifest.xml:61:9-66:35
160            android:name="androidx.work.impl.utils.ForceStopRunnable$BroadcastReceiver"
160-->[androidx.work:work-runtime:2.10.0] AndroidManifest.xml:62:13-88
161            android:directBootAware="false"
161-->[androidx.work:work-runtime:2.10.0] AndroidManifest.xml:63:13-44
162            android:enabled="true"
162-->[androidx.work:work-runtime:2.10.0] AndroidManifest.xml:64:13-35
163            android:exported="false" />
163-->[androidx.work:work-runtime:2.10.0] AndroidManifest.xml:65:13-37
164        <receiver
164-->[androidx.work:work-runtime:2.10.0] AndroidManifest.xml:67:9-77:20
165            android:name="androidx.work.impl.background.systemalarm.ConstraintProxy$BatteryChargingProxy"
165-->[androidx.work:work-runtime:2.10.0] AndroidManifest.xml:68:13-106
166            android:directBootAware="false"
166-->[androidx.work:work-runtime:2.10.0] AndroidManifest.xml:69:13-44
167            android:enabled="false"
167-->[androidx.work:work-runtime:2.10.0] AndroidManifest.xml:70:13-36
168            android:exported="false" >
168-->[androidx.work:work-runtime:2.10.0] AndroidManifest.xml:71:13-37
169            <intent-filter>
169-->[androidx.work:work-runtime:2.10.0] AndroidManifest.xml:73:13-76:29
170                <action android:name="android.intent.action.ACTION_POWER_CONNECTED" />
170-->[androidx.work:work-runtime:2.10.0] AndroidManifest.xml:74:17-87
170-->[androidx.work:work-runtime:2.10.0] AndroidManifest.xml:74:25-84
171                <action android:name="android.intent.action.ACTION_POWER_DISCONNECTED" />
171-->[androidx.work:work-runtime:2.10.0] AndroidManifest.xml:75:17-90
171-->[androidx.work:work-runtime:2.10.0] AndroidManifest.xml:75:25-87
172            </intent-filter>
173        </receiver>
174        <receiver
174-->[androidx.work:work-runtime:2.10.0] AndroidManifest.xml:78:9-88:20
175            android:name="androidx.work.impl.background.systemalarm.ConstraintProxy$BatteryNotLowProxy"
175-->[androidx.work:work-runtime:2.10.0] AndroidManifest.xml:79:13-104
176            android:directBootAware="false"
176-->[androidx.work:work-runtime:2.10.0] AndroidManifest.xml:80:13-44
177            android:enabled="false"
177-->[androidx.work:work-runtime:2.10.0] AndroidManifest.xml:81:13-36
178            android:exported="false" >
178-->[androidx.work:work-runtime:2.10.0] AndroidManifest.xml:82:13-37
179            <intent-filter>
179-->[androidx.work:work-runtime:2.10.0] AndroidManifest.xml:84:13-87:29
180                <action android:name="android.intent.action.BATTERY_OKAY" />
180-->[androidx.work:work-runtime:2.10.0] AndroidManifest.xml:85:17-77
180-->[androidx.work:work-runtime:2.10.0] AndroidManifest.xml:85:25-74
181                <action android:name="android.intent.action.BATTERY_LOW" />
181-->[androidx.work:work-runtime:2.10.0] AndroidManifest.xml:86:17-76
181-->[androidx.work:work-runtime:2.10.0] AndroidManifest.xml:86:25-73
182            </intent-filter>
183        </receiver>
184        <receiver
184-->[androidx.work:work-runtime:2.10.0] AndroidManifest.xml:89:9-99:20
185            android:name="androidx.work.impl.background.systemalarm.ConstraintProxy$StorageNotLowProxy"
185-->[androidx.work:work-runtime:2.10.0] AndroidManifest.xml:90:13-104
186            android:directBootAware="false"
186-->[androidx.work:work-runtime:2.10.0] AndroidManifest.xml:91:13-44
187            android:enabled="false"
187-->[androidx.work:work-runtime:2.10.0] AndroidManifest.xml:92:13-36
188            android:exported="false" >
188-->[androidx.work:work-runtime:2.10.0] AndroidManifest.xml:93:13-37
189            <intent-filter>
189-->[androidx.work:work-runtime:2.10.0] AndroidManifest.xml:95:13-98:29
190                <action android:name="android.intent.action.DEVICE_STORAGE_LOW" />
190-->[androidx.work:work-runtime:2.10.0] AndroidManifest.xml:96:17-83
190-->[androidx.work:work-runtime:2.10.0] AndroidManifest.xml:96:25-80
191                <action android:name="android.intent.action.DEVICE_STORAGE_OK" />
191-->[androidx.work:work-runtime:2.10.0] AndroidManifest.xml:97:17-82
191-->[androidx.work:work-runtime:2.10.0] AndroidManifest.xml:97:25-79
192            </intent-filter>
193        </receiver>
194        <receiver
194-->[androidx.work:work-runtime:2.10.0] AndroidManifest.xml:100:9-109:20
195            android:name="androidx.work.impl.background.systemalarm.ConstraintProxy$NetworkStateProxy"
195-->[androidx.work:work-runtime:2.10.0] AndroidManifest.xml:101:13-103
196            android:directBootAware="false"
196-->[androidx.work:work-runtime:2.10.0] AndroidManifest.xml:102:13-44
197            android:enabled="false"
197-->[androidx.work:work-runtime:2.10.0] AndroidManifest.xml:103:13-36
198            android:exported="false" >
198-->[androidx.work:work-runtime:2.10.0] AndroidManifest.xml:104:13-37
199            <intent-filter>
199-->[androidx.work:work-runtime:2.10.0] AndroidManifest.xml:106:13-108:29
200                <action android:name="android.net.conn.CONNECTIVITY_CHANGE" />
200-->[androidx.work:work-runtime:2.10.0] AndroidManifest.xml:107:17-79
200-->[androidx.work:work-runtime:2.10.0] AndroidManifest.xml:107:25-76
201            </intent-filter>
202        </receiver>
203        <receiver
203-->[androidx.work:work-runtime:2.10.0] AndroidManifest.xml:110:9-121:20
204            android:name="androidx.work.impl.background.systemalarm.RescheduleReceiver"
204-->[androidx.work:work-runtime:2.10.0] AndroidManifest.xml:111:13-88
205            android:directBootAware="false"
205-->[androidx.work:work-runtime:2.10.0] AndroidManifest.xml:112:13-44
206            android:enabled="false"
206-->[androidx.work:work-runtime:2.10.0] AndroidManifest.xml:113:13-36
207            android:exported="false" >
207-->[androidx.work:work-runtime:2.10.0] AndroidManifest.xml:114:13-37
208            <intent-filter>
208-->[androidx.work:work-runtime:2.10.0] AndroidManifest.xml:116:13-120:29
209                <action android:name="android.intent.action.BOOT_COMPLETED" />
209-->[androidx.work:work-runtime:2.10.0] AndroidManifest.xml:117:17-79
209-->[androidx.work:work-runtime:2.10.0] AndroidManifest.xml:117:25-76
210                <action android:name="android.intent.action.TIME_SET" />
210-->[androidx.work:work-runtime:2.10.0] AndroidManifest.xml:118:17-73
210-->[androidx.work:work-runtime:2.10.0] AndroidManifest.xml:118:25-70
211                <action android:name="android.intent.action.TIMEZONE_CHANGED" />
211-->[androidx.work:work-runtime:2.10.0] AndroidManifest.xml:119:17-81
211-->[androidx.work:work-runtime:2.10.0] AndroidManifest.xml:119:25-78
212            </intent-filter>
213        </receiver>
214        <receiver
214-->[androidx.work:work-runtime:2.10.0] AndroidManifest.xml:122:9-131:20
215            android:name="androidx.work.impl.background.systemalarm.ConstraintProxyUpdateReceiver"
215-->[androidx.work:work-runtime:2.10.0] AndroidManifest.xml:123:13-99
216            android:directBootAware="false"
216-->[androidx.work:work-runtime:2.10.0] AndroidManifest.xml:124:13-44
217            android:enabled="@bool/enable_system_alarm_service_default"
217-->[androidx.work:work-runtime:2.10.0] AndroidManifest.xml:125:13-72
218            android:exported="false" >
218-->[androidx.work:work-runtime:2.10.0] AndroidManifest.xml:126:13-37
219            <intent-filter>
219-->[androidx.work:work-runtime:2.10.0] AndroidManifest.xml:128:13-130:29
220                <action android:name="androidx.work.impl.background.systemalarm.UpdateProxies" />
220-->[androidx.work:work-runtime:2.10.0] AndroidManifest.xml:129:17-98
220-->[androidx.work:work-runtime:2.10.0] AndroidManifest.xml:129:25-95
221            </intent-filter>
222        </receiver>
223        <receiver
223-->[androidx.work:work-runtime:2.10.0] AndroidManifest.xml:132:9-142:20
224            android:name="androidx.work.impl.diagnostics.DiagnosticsReceiver"
224-->[androidx.work:work-runtime:2.10.0] AndroidManifest.xml:133:13-78
225            android:directBootAware="false"
225-->[androidx.work:work-runtime:2.10.0] AndroidManifest.xml:134:13-44
226            android:enabled="true"
226-->[androidx.work:work-runtime:2.10.0] AndroidManifest.xml:135:13-35
227            android:exported="true"
227-->[androidx.work:work-runtime:2.10.0] AndroidManifest.xml:136:13-36
228            android:permission="android.permission.DUMP" >
228-->[androidx.work:work-runtime:2.10.0] AndroidManifest.xml:137:13-57
229            <intent-filter>
229-->[androidx.work:work-runtime:2.10.0] AndroidManifest.xml:139:13-141:29
230                <action android:name="androidx.work.diagnostics.REQUEST_DIAGNOSTICS" />
230-->[androidx.work:work-runtime:2.10.0] AndroidManifest.xml:140:17-88
230-->[androidx.work:work-runtime:2.10.0] AndroidManifest.xml:140:25-85
231            </intent-filter>
232        </receiver>
233
234        <activity
234-->[androidx.compose.ui:ui-tooling-android:1.9.2] AndroidManifest.xml:23:9-25:39
235            android:name="androidx.compose.ui.tooling.PreviewActivity"
235-->[androidx.compose.ui:ui-tooling-android:1.9.2] AndroidManifest.xml:24:13-71
236            android:exported="true" />
236-->[androidx.compose.ui:ui-tooling-android:1.9.2] AndroidManifest.xml:25:13-36
237        <activity
237-->[androidx.compose.ui:ui-test-manifest:1.9.2] AndroidManifest.xml:23:9-26:79
238            android:name="androidx.activity.ComponentActivity"
238-->[androidx.compose.ui:ui-test-manifest:1.9.2] AndroidManifest.xml:24:13-63
239            android:exported="true"
239-->[androidx.compose.ui:ui-test-manifest:1.9.2] AndroidManifest.xml:25:13-36
240            android:theme="@android:style/Theme.Material.Light.NoActionBar" />
240-->[androidx.compose.ui:ui-test-manifest:1.9.2] AndroidManifest.xml:26:13-76
241
242        <meta-data
242-->[com.google.android.gms:play-services-basement:18.9.0] AndroidManifest.xml:21:9-23:69
243            android:name="com.google.android.gms.version"
243-->[com.google.android.gms:play-services-basement:18.9.0] AndroidManifest.xml:22:13-58
244            android:value="@integer/google_play_services_version" />
244-->[com.google.android.gms:play-services-basement:18.9.0] AndroidManifest.xml:23:13-66
245
246        <receiver
246-->[androidx.profileinstaller:profileinstaller:1.4.0] AndroidManifest.xml:34:9-52:20
247            android:name="androidx.profileinstaller.ProfileInstallReceiver"
247-->[androidx.profileinstaller:profileinstaller:1.4.0] AndroidManifest.xml:35:13-76
248            android:directBootAware="false"
248-->[androidx.profileinstaller:profileinstaller:1.4.0] AndroidManifest.xml:36:13-44
249            android:enabled="true"
249-->[androidx.profileinstaller:profileinstaller:1.4.0] AndroidManifest.xml:37:13-35
250            android:exported="true"
250-->[androidx.profileinstaller:profileinstaller:1.4.0] AndroidManifest.xml:38:13-36
251            android:permission="android.permission.DUMP" >
251-->[androidx.profileinstaller:profileinstaller:1.4.0] AndroidManifest.xml:39:13-57
252            <intent-filter>
252-->[androidx.profileinstaller:profileinstaller:1.4.0] AndroidManifest.xml:40:13-42:29
253                <action android:name="androidx.profileinstaller.action.INSTALL_PROFILE" />
253-->[androidx.profileinstaller:profileinstaller:1.4.0] AndroidManifest.xml:41:17-91
253-->[androidx.profileinstaller:profileinstaller:1.4.0] AndroidManifest.xml:41:25-88
254            </intent-filter>
255            <intent-filter>
255-->[androidx.profileinstaller:profileinstaller:1.4.0] AndroidManifest.xml:43:13-45:29
256                <action android:name="androidx.profileinstaller.action.SKIP_FILE" />
256-->[androidx.profileinstaller:profileinstaller:1.4.0] AndroidManifest.xml:44:17-85
256-->[androidx.profileinstaller:profileinstaller:1.4.0] AndroidManifest.xml:44:25-82
257            </intent-filter>
258            <intent-filter>
258-->[androidx.profileinstaller:profileinstaller:1.4.0] AndroidManifest.xml:46:13-48:29
259                <action android:name="androidx.profileinstaller.action.SAVE_PROFILE" />
259-->[androidx.profileinstaller:profileinstaller:1.4.0] AndroidManifest.xml:47:17-88
259-->[androidx.profileinstaller:profileinstaller:1.4.0] AndroidManifest.xml:47:25-85
260            </intent-filter>
261            <intent-filter>
261-->[androidx.profileinstaller:profileinstaller:1.4.0] AndroidManifest.xml:49:13-51:29
262                <action android:name="androidx.profileinstaller.action.BENCHMARK_OPERATION" />
262-->[androidx.profileinstaller:profileinstaller:1.4.0] AndroidManifest.xml:50:17-95
262-->[androidx.profileinstaller:profileinstaller:1.4.0] AndroidManifest.xml:50:25-92
263            </intent-filter>
264        </receiver>
265
266        <service
266-->[com.google.android.datatransport:transport-backend-cct:3.1.8] AndroidManifest.xml:28:9-34:19
267            android:name="com.google.android.datatransport.runtime.backends.TransportBackendDiscovery"